[debug] [2026-02-08T16:28:44.993Z] ----------------------------------------------------------------------
[debug] [2026-02-08T16:28:45.003Z] Command:       C:\Program Files\nodejs\node.exe C:\Users\diksh\AppData\Roaming\npm\node_modules\firebase-tools\lib\bin\firebase.js init
[debug] [2026-02-08T16:28:45.004Z] CLI Version:   15.1.0
[debug] [2026-02-08T16:28:45.004Z] Platform:      win32
[debug] [2026-02-08T16:28:45.004Z] Node Version:  v24.13.0
[debug] [2026-02-08T16:28:45.004Z] Time:          Sun Feb 08 2026 21:58:45 GMT+0530 (India Standard Time)
[debug] [2026-02-08T16:28:45.005Z] ----------------------------------------------------------------------
[debug] 
[debug] [2026-02-08T16:28:45.008Z] >>> [apiv2][query] GET https://firebase-public.firebaseio.com/cli.json [none]
[info] 
     ######## #### ########  ######## ########     ###     ######  ########
     ##        ##  ##     ## ##       ##     ##  ##   ##  ##       ##
     ######    ##  ########  ######   ########  #########  ######  ######
     ##        ##  ##    ##  ##       ##     ## ##     ##       ## ##
     ##       #### ##     ## ######## ########  ##     ##  ######  ########

You're about to initialize a Firebase project in this directory:

  D:\e-waste

[debug] [2026-02-08T16:28:50.827Z] <<< [apiv2][status] GET https://firebase-public.firebaseio.com/cli.json 200
[debug] [2026-02-08T16:28:50.827Z] <<< [apiv2][body] GET https://firebase-public.firebaseio.com/cli.json {"cloudBuildErrorAfter":1594252800000,"cloudBuildWarnAfter":1590019200000,"defaultNode10After":1594252800000,"minVersion":"3.0.5","node8DeploysDisabledAfter":1613390400000,"node8RuntimeDisabledAfter":1615809600000,"node8WarnAfter":1600128000000}
[info] 
=== Project Setup
[info] 
[info] First, let's associate this project directory with a Firebase project.
[info] You can create multiple project aliases by running firebase use --add, 
[info] 
[debug] [2026-02-08T16:29:32.821Z] > command requires scopes: ["email","openid","https://www.googleapis.com/auth/cloudplatformprojects.readonly","https://www.googleapis.com/auth/firebase","https://www.googleapis.com/auth/cloud-platform"]
[debug] [2026-02-08T16:29:32.821Z] > authorizing via signed-in user (dikshamirgal2005@gmail.com)
[debug] [2026-02-08T16:29:32.822Z] Checked if tokens are valid: false, expires at: 1766949299732
[debug] [2026-02-08T16:29:32.823Z] Checked if tokens are valid: false, expires at: 1766949299732
[debug] [2026-02-08T16:29:32.823Z] > refreshing access token with scopes: []
[debug] [2026-02-08T16:29:32.824Z] >>> [apiv2][query] POST https://www.googleapis.com/oauth2/v3/token [none]
[debug] [2026-02-08T16:29:32.824Z] >>> [apiv2][body] POST https://www.googleapis.com/oauth2/v3/token [omitted]
[debug] [2026-02-08T16:29:33.108Z] <<< [apiv2][status] POST https://www.googleapis.com/oauth2/v3/token 200
[debug] [2026-02-08T16:29:33.108Z] <<< [apiv2][body] POST https://www.googleapis.com/oauth2/v3/token [omitted]
[debug] [2026-02-08T16:29:33.118Z] >>> [apiv2][query] GET https://firebase.googleapis.com/v1beta1/projects pageSize=100
[debug] [2026-02-08T16:29:33.853Z] <<< [apiv2][status] GET https://firebase.googleapis.com/v1beta1/projects 200
[debug] [2026-02-08T16:29:33.853Z] <<< [apiv2][body] GET https://firebase.googleapis.com/v1beta1/projects [omitted]
[info] 
=== Hosting Setup
[debug] [2026-02-08T16:29:38.989Z] Checked if tokens are valid: true, expires at: 1770571772108
[debug] [2026-02-08T16:29:38.989Z] Checked if tokens are valid: true, expires at: 1770571772108
[debug] [2026-02-08T16:29:38.989Z] >>> [apiv2][query] GET https://firebase.googleapis.com/v1beta1/projects/e-waste-management-76052 [none]
[debug] [2026-02-08T16:29:39.685Z] <<< [apiv2][status] GET https://firebase.googleapis.com/v1beta1/projects/e-waste-management-76052 200
[debug] [2026-02-08T16:29:39.685Z] <<< [apiv2][body] GET https://firebase.googleapis.com/v1beta1/projects/e-waste-management-76052 {"projectId":"e-waste-management-76052","projectNumber":"360028190945","displayName":"e-waste-management","name":"projects/e-waste-management-76052","resources":{"hostingSite":"e-waste-management-76052"},"state":"ACTIVE","etag":"1_cc262257-94b3-4876-ae8b-7c30a5592ec6"}
[info] 
[info] Your public directory is the folder (relative to your project directory) that
[info] will contain Hosting assets to be uploaded with firebase deploy. If you
[info] have a build process for your assets, use your build's output directory.
[info] 
[debug] [2026-02-08T16:30:24.048Z] ExitPromptError: User force closed the prompt with SIGINT
    at Interface.sigint (C:\Users\diksh\AppData\Roaming\npm\node_modules\firebase-tools\node_modules\@inquirer\core\dist\commonjs\lib\create-prompt.js:101:37)
    at Interface.emit (node:events:508:28)
    at [_ttyWrite] [as _ttyWrite] (node:internal/readline/interface:1327:18)
    at ReadStream.onkeypress (node:internal/readline/interface:284:20)
    at ReadStream.emit (node:events:520:35)
    at emitKeys (node:internal/readline/utils:371:14)
    at emitKeys.next (<anonymous>)
    at ReadStream.onData (node:internal/readline/emitKeypressEvents:64:36)
    at ReadStream.emit (node:events:508:28)
    at addChunk (node:internal/streams/readable:559:12)
[error] 
[error] Error: An unexpected error has occurred.
